<?xml version="1.0" encoding="UTF-8"?>
<testsuite xmlns:xsi="http://www.w3.org/2001/XMLSchema-instance" xsi:noNamespaceSchemaLocation="https://maven.apache.org/surefire/maven-surefire-plugin/xsd/surefire-test-report.xsd" name="servicio.SistemaPrestamosTest" time="0.915" tests="5" errors="0" skipped="0" failures="0">
  <properties>
[...]
</properties>
  <testcase name="noPuedePrestarLibroYaPrestado" classname="servicio.SistemaPrestamosTest" time="0.881"/>
  <testcase name="prestamosSeRegistranCorrectamente" classname="servicio.SistemaPrestamosTest" time="0.007"/>
  <testcase name="noPuedeDevolverLibroNoPrestado" classname="servicio.SistemaPrestamosTest" time="0.003"/>
  <testcase name="puedePrestarLibroDisponible" classname="servicio.SistemaPrestamosTest" time="0.004"/>
  <testcase name="puedeDevolverLibroPrestado" classname="servicio.SistemaPrestamosTest" time="0.003"/>
</testsuite>