<?xml version="1.0" encoding="UTF-8"?>
<testsuite xmlns:xsi="http://www.w3.org/2001/XMLSchema-instance" xsi:noNamespaceSchemaLocation="https://maven.apache.org/surefire/maven-surefire-plugin/xsd/surefire-test-report.xsd" name="tp.testing.CatalogoTest" time="0.008" tests="5" errors="0" skipped="0" failures="0">
  <properties>
[...]
</properties>
  <testcase name="puedeBuscarPorTituloExistente" classname="tp.testing.CatalogoTest" time="0.001"/>
  <testcase name="puedeBuscarPorAutorInexistente" classname="tp.testing.CatalogoTest" time="0.001"/>
  <testcase name="puedeBuscarPorTituloInexistente" classname="tp.testing.CatalogoTest" time="0.001"/>
  <testcase name="puedeBuscarPorAutorExistente" classname="tp.testing.CatalogoTest" time="0"/>
  <testcase name="puedeAgregarLibrosYListarlosTodos" classname="tp.testing.CatalogoTest" time="0.001"/>
</testsuite>